<?xml version="1.0" encoding="UTF-8"?>
<!-- Generated by org.testng.reporters.JUnitReportReporter -->
<testsuite hostname="DESKTOP-4BV5T5N" failures="0" tests="2" name="tests.UserRegistrationTest" time="2.448" errors="0" timestamp="2023-10-24T08:37:46 EEST" skipped="0">
  <testcase classname="tests.UserRegistrationTest" name="RegisteredUserCanLogin" time="1.088"/>
  <system-out/>
  <testcase classname="tests.UserRegistrationTest" name="UserCanRegisterSuccessfully" time="1.360"/>
  <system-out/>
</testsuite> <!-- tests.UserRegistrationTest -->
